 [ notice ] [ E_USER_DEPRECATED ]<strong>记录到日志测试</strong>File:D:\wamp\www\myfar\Blog\Index\IndexControl.class.php ( 2016-07-20 15:40:47 ) 
 [ notice ] [ E_USER_DEPRECATED ]<strong>记录到日志测试</strong>File:D:\wamp\www\myfar\Blog\Index\IndexControl.class.php ( 2016-07-20 15:41:40 ) 
 [ notice ] [ E_USER_DEPRECATED ]<strong>记录到日志测试</strong>File:D:\wamp\www\myfar\Blog\Index\IndexControl.class.php ( 9 ) ( 2016-07-20 15:44:40 ) 
 [ notice ] [ E_USER_ERROR ]<strong>记录到日志测试</strong>File:D:\wamp\www\myfar\Blog\Index\IndexControl.class.php ( 9 ) ( 2016-07-20 15:51:00 ) 
异常信息: 错误日志异常<br />异常文件: D:\wamp\www\myfar\Blog\Index\IndexControl.class.php [ 10 ] <br />异常类名: IndexControl<br />异常类型: -><br />异常方法: test()2016-07-20 16:04:19
异常信息: 错误日志异常<br />异常文件: D:\wamp\www\myfar\Blog\Index\IndexControl.class.php [ 10 ] <br />异常类名: IndexControl<br />异常类型: -><br />异常方法: test()2016-07-20 16:19:25
 [ notice ] [ E_STRICT ]<strong>Non-static method File::path() should not be called statically</strong>File:D:\wamp\www\myfar\Xphp\Libs\Bin\File.class.php ( 17 ) ( 2016-07-20 16:37:15 ) 
 [ notice ] [ E_NOTICE ]<strong>A non well formed numeric value encountered</strong>File:D:\wamp\www\myfar\Xphp\Libs\Bin\File.class.php ( 29 ) ( 2016-07-20 16:44:14 ) 
, [ notice ] [ E_NOTICE ]<strong>A non well formed numeric value encountered</strong>File:D:\wamp\www\myfar\Xphp\Libs\Bin\File.class.php ( 29 ) ( 2016-07-20 16:44:14 ) 
, [ notice ] [ E_NOTICE ]<strong>A non well formed numeric value encountered</strong>File:D:\wamp\www\myfar\Xphp\Libs\Bin\File.class.php ( 29 ) ( 2016-07-20 16:44:14 ) 
, [ notice ] [ E_NOTICE ]<strong>A non well formed numeric value encountered</strong>File:D:\wamp\www\myfar\Xphp\Libs\Bin\File.class.php ( 29 ) ( 2016-07-20 16:44:14 ) 
, [ notice ] [ E_NOTICE ]<strong>A non well formed numeric value encountered</strong>File:D:\wamp\www\myfar\Xphp\Libs\Bin\File.class.php ( 29 ) ( 2016-07-20 16:44:14 ) 
, [ notice ] [ E_NOTICE ]<strong>A non well formed numeric value encountered</strong>File:D:\wamp\www\myfar\Xphp\Libs\Bin\File.class.php ( 29 ) ( 2016-07-20 16:44:14 ) 
 [ notice ] [ E_NOTICE ]<strong>A non well formed numeric value encountered</strong>File:D:\wamp\www\myfar\Xphp\Libs\Bin\File.class.php ( 29 ) ( 2016-07-20 16:44:58 ) 
, [ notice ] [ E_NOTICE ]<strong>A non well formed numeric value encountered</strong>File:D:\wamp\www\myfar\Xphp\Libs\Bin\File.class.php ( 29 ) ( 2016-07-20 16:44:58 ) 
, [ notice ] [ E_NOTICE ]<strong>A non well formed numeric value encountered</strong>File:D:\wamp\www\myfar\Xphp\Libs\Bin\File.class.php ( 29 ) ( 2016-07-20 16:44:58 ) 
, [ notice ] [ E_NOTICE ]<strong>A non well formed numeric value encountered</strong>File:D:\wamp\www\myfar\Xphp\Libs\Bin\File.class.php ( 29 ) ( 2016-07-20 16:44:58 ) 
, [ notice ] [ E_NOTICE ]<strong>A non well formed numeric value encountered</strong>File:D:\wamp\www\myfar\Xphp\Libs\Bin\File.class.php ( 29 ) ( 2016-07-20 16:44:58 ) 
, [ notice ] [ E_NOTICE ]<strong>A non well formed numeric value encountered</strong>File:D:\wamp\www\myfar\Xphp\Libs\Bin\File.class.php ( 29 ) ( 2016-07-20 16:44:58 ) 
 [ notice ] [ E_NOTICE ]<strong>Array to string conversion</strong>File:D:\wamp\www\myfar\Xphp\Libs\Bin\File.class.php ( 46 ) ( 2016-07-20 17:03:58 ) 
 [ notice ] [ E_WARNING ]<strong>rmdir(D:\wamp\www\myfar/Blog/module/bb/bb/): Directory not empty</strong>File:D:\wamp\www\myfar\Xphp\Libs\Bin\File.class.php ( 68 ) ( 2016-07-20 17:27:32 ) 
, [ notice ] [ E_WARNING ]<strong>rmdir(D:\wamp\www\myfar/Blog/module/bb/): Directory not empty</strong>File:D:\wamp\www\myfar\Xphp\Libs\Bin\File.class.php ( 68 ) ( 2016-07-20 17:27:32 ) 
, [ notice ] [ E_WARNING ]<strong>rmdir(D:\wamp\www\myfar/Blog/module/): Directory not empty</strong>File:D:\wamp\www\myfar\Xphp\Libs\Bin\File.class.php ( 68 ) ( 2016-07-20 17:27:32 ) 
 [ notice ] [ E_WARNING ]<strong>rmdir(D:\wamp\www\myfar/Blog/module/bb/): Directory not empty</strong>File:D:\wamp\www\myfar\Xphp\Libs\Bin\File.class.php ( 68 ) ( 2016-07-20 17:28:04 ) 
, [ notice ] [ E_WARNING ]<strong>rmdir(D:\wamp\www\myfar/Blog/module/): Directory not empty</strong>File:D:\wamp\www\myfar\Xphp\Libs\Bin\File.class.php ( 68 ) ( 2016-07-20 17:28:04 ) 
 [ notice ] [ E_NOTICE ]<strong>Use of undefined constant File - assumed 'File'</strong>File:D:\wamp\www\myfar\Blog\Index\IndexControl.class.php ( 11 ) ( 2016-07-20 17:31:20 ) 
 [ notice ] [ E_NOTICE ]<strong>Use of undefined constant File - assumed 'File'</strong>File:D:\wamp\www\myfar\Blog\Index\IndexControl.class.php ( 11 ) ( 2016-07-20 17:52:31 ) 
 [ notice ] [ E_NOTICE ]<strong>Undefined index: PATH_INFO</strong>File:D:\wamp\www\myfar\Blog\Admin\IndexControl.class.php ( 8 ) ( 2016-07-20 19:52:59 ) 
 [ notice ] [ E_NOTICE ]<strong>Undefined index: PATH_INFO</strong>File:D:\wamp\www\myfar\Blog\Admin\IndexControl.class.php ( 8 ) ( 2016-07-20 19:53:43 ) 
 [ notice ] [ E_NOTICE ]<strong>Use of undefined constant PATH_INFO - assumed 'PATH_INFO'</strong>File:D:\wamp\www\myfar\Blog\Admin\IndexControl.class.php ( 8 ) ( 2016-07-20 19:53:52 ) 
, [ notice ] [ E_NOTICE ]<strong>Undefined index: PATH_INFO</strong>File:D:\wamp\www\myfar\Blog\Admin\IndexControl.class.php ( 8 ) ( 2016-07-20 19:53:52 ) 
 [ notice ] [ E_NOTICE ]<strong>Undefined index: PATH_INFO</strong>File:D:\wamp\www\myfar\Blog\Admin\IndexControl.class.php ( 8 ) ( 2016-07-20 19:54:49 ) 
 [ notice ] [ E_NOTICE ]<strong>Undefined index: PATH_INFO</strong>File:D:\wamp\www\myfar\Blog\Admin\IndexControl.class.php ( 8 ) ( 2016-07-20 19:56:30 ) 
 [ notice ] [ E_NOTICE ]<strong>Undefined index: </strong>File:D:\wamp\www\myfar\Xphp\Libs\Bin\URL.class.php ( 33 ) ( 2016-07-20 19:59:45 ) 
 [ notice ] [ E_NOTICE ]<strong>Undefined index: </strong>File:D:\wamp\www\myfar\Xphp\Libs\Bin\URL.class.php ( 33 ) ( 2016-07-20 20:00:09 ) 
 [ notice ] [ E_NOTICE ]<strong>Undefined offset: 0</strong>File:D:\wamp\www\myfar\Xphp\Libs\Bin\URL.class.php ( 19 ) ( 2016-07-20 21:04:40 ) 
, [ notice ] [ E_NOTICE ]<strong>Undefined offset: 0</strong>File:D:\wamp\www\myfar\Xphp\Libs\Bin\URL.class.php ( 21 ) ( 2016-07-20 21:04:40 ) 
 [ notice ] [ E_NOTICE ]<strong>Undefined offset: 0</strong>File:D:\wamp\www\myfar\Xphp\Libs\Bin\URL.class.php ( 18 ) ( 2016-07-20 21:06:00 ) 
, [ notice ] [ E_NOTICE ]<strong>Undefined offset: 0</strong>File:D:\wamp\www\myfar\Xphp\Libs\Bin\URL.class.php ( 20 ) ( 2016-07-20 21:06:00 ) 
 [ notice ] [ E_NOTICE ]<strong>Undefined offset: 0</strong>File:D:\wamp\www\myfar\Xphp\Libs\Bin\URL.class.php ( 18 ) ( 2016-07-20 21:06:01 ) 
, [ notice ] [ E_NOTICE ]<strong>Undefined offset: 0</strong>File:D:\wamp\www\myfar\Xphp\Libs\Bin\URL.class.php ( 20 ) ( 2016-07-20 21:06:01 ) 
 [ notice ] [ E_NOTICE ]<strong>Undefined offset: 0</strong>File:D:\wamp\www\myfar\Xphp\Libs\Bin\URL.class.php ( 18 ) ( 2016-07-20 21:06:01 ) 
, [ notice ] [ E_NOTICE ]<strong>Undefined offset: 0</strong>File:D:\wamp\www\myfar\Xphp\Libs\Bin\URL.class.php ( 20 ) ( 2016-07-20 21:06:01 ) 
 [ notice ] [ E_NOTICE ]<strong>Undefined offset: 0</strong>File:D:\wamp\www\myfar\Xphp\Libs\Bin\URL.class.php ( 18 ) ( 2016-07-20 21:06:01 ) 
, [ notice ] [ E_NOTICE ]<strong>Undefined offset: 0</strong>File:D:\wamp\www\myfar\Xphp\Libs\Bin\URL.class.php ( 20 ) ( 2016-07-20 21:06:01 ) 
