 [ E_WARNING ] E_WARNING : <strong>register_shutdown_function(): Invalid shutdown callback 'APP' passed</strong> File: D:\wamp\www\myfar\Xphp\Libs\Bin\APP.class.php 第  17 行  ( 2016-07-22 13:49:45 ) 
 [ E_WARNING ] E_WARNING : <strong>register_shutdown_function(): Invalid shutdown callback 'APP' passed</strong> File: D:\wamp\www\myfar\Xphp\Libs\Bin\APP.class.php 第  17 行  ( 2016-07-22 13:49:46 ) 
 [ E_WARNING ] E_WARNING : <strong>register_shutdown_function(): Invalid shutdown callback 'APP' passed</strong> File: D:\wamp\www\myfar\Xphp\Libs\Bin\APP.class.php 第  17 行  ( 2016-07-22 14:07:20 ) 
 [ E_WARNING ] E_WARNING : <strong>register_shutdown_function(): Invalid shutdown callback 'APP' passed</strong> File: D:\wamp\www\myfar\Xphp\Libs\Bin\APP.class.php 第  17 行  ( 2016-07-22 14:07:20 ) 
 [ E_WARNING ] E_WARNING : <strong>register_shutdown_function(): Invalid shutdown callback 'APP' passed</strong> File: D:\wamp\www\myfar\Xphp\Libs\Bin\APP.class.php 第  17 行  ( 2016-07-22 14:07:21 ) 
 [ E_WARNING ] E_WARNING : <strong>register_shutdown_function(): Invalid shutdown callback 'APP' passed</strong> File: D:\wamp\www\myfar\Xphp\Libs\Bin\APP.class.php 第  17 行  ( 2016-07-22 14:07:21 ) 
 [ E_WARNING ] E_WARNING : <strong>register_shutdown_function(): Invalid shutdown callback 'APP' passed</strong> File: D:\wamp\www\myfar\Xphp\Libs\Bin\APP.class.php 第  17 行  ( 2016-07-22 14:07:21 ) 
 [ E_WARNING ] E_WARNING : <strong>register_shutdown_function(): Invalid shutdown callback 'APP' passed</strong> File: D:\wamp\www\myfar\Xphp\Libs\Bin\APP.class.php 第  17 行  ( 2016-07-22 14:07:21 ) 
 [ E_WARNING ] E_WARNING : <strong>register_shutdown_function(): Invalid shutdown callback 'APP' passed</strong> File: D:\wamp\www\myfar\Xphp\Libs\Bin\APP.class.php 第  17 行  ( 2016-07-22 14:07:21 ) 
 [ E_WARNING ] E_WARNING : <strong>register_shutdown_function(): Invalid shutdown callback 'APP' passed</strong> File: D:\wamp\www\myfar\Xphp\Libs\Bin\APP.class.php 第  17 行  ( 2016-07-22 14:07:21 ) 
 [ E_WARNING ] E_WARNING : <strong>register_shutdown_function(): Invalid shutdown callback 'APP' passed</strong> File: D:\wamp\www\myfar\Xphp\Libs\Bin\APP.class.php 第  17 行  ( 2016-07-22 14:07:21 ) 
 [ E_WARNING ] E_WARNING : <strong>register_shutdown_function(): Invalid shutdown callback 'APP' passed</strong> File: D:\wamp\www\myfar\Xphp\Libs\Bin\APP.class.php 第  17 行  ( 2016-07-22 14:07:21 ) 
 [ E_WARNING ] E_WARNING : <strong>register_shutdown_function(): Invalid shutdown callback 'APP' passed</strong> File: D:\wamp\www\myfar\Xphp\Libs\Bin\APP.class.php 第  17 行  ( 2016-07-22 14:07:22 ) 
 [ E_WARNING ] E_WARNING : <strong>register_shutdown_function(): Invalid shutdown callback 'APP' passed</strong> File: D:\wamp\www\myfar\Xphp\Libs\Bin\APP.class.php 第  17 行  ( 2016-07-22 14:07:22 ) 
 [ E_WARNING ] E_WARNING : <strong>register_shutdown_function(): Invalid shutdown callback 'APP' passed</strong> File: D:\wamp\www\myfar\Xphp\Libs\Bin\APP.class.php 第  17 行  ( 2016-07-22 14:07:22 ) 
 [ E_WARNING ] E_WARNING : <strong>register_shutdown_function(): Invalid shutdown callback 'APP' passed</strong> File: D:\wamp\www\myfar\Xphp\Libs\Bin\APP.class.php 第  17 行  ( 2016-07-22 14:07:22 ) 
 [ E_WARNING ] E_WARNING : <strong>register_shutdown_function(): Invalid shutdown callback 'APP' passed</strong> File: D:\wamp\www\myfar\Xphp\Libs\Bin\APP.class.php 第  17 行  ( 2016-07-22 14:08:27 ) 
 [ E_WARNING ] E_WARNING : <strong>register_shutdown_function(): Invalid shutdown callback 'APP' passed</strong> File: D:\wamp\www\myfar\Xphp\Libs\Bin\APP.class.php 第  17 行  ( 2016-07-22 14:08:27 ) 
异常信息: 表不存在： myfar_testaa<br />异常文件: D:\wamp\www\myfar\Xphp\Libs\Bin\MyDb.class.php [ 67 ] <br />异常类名: MyDb<br />异常类型: -><br />异常方法: _getFields()2016-07-22 17:18:34
异常信息: 表不存在： myfar_testaaa<br />异常文件: D:\wamp\www\myfar\Xphp\Libs\Bin\MyDb.class.php [ 67 ] <br />异常类名: MyDb<br />异常类型: -><br />异常方法: _getFields()2016-07-22 17:22:10
异常信息: 表不存在： myfar_testaaa<br />异常文件: D:\wamp\www\myfar\Xphp\Libs\Bin\MyDb.class.php [ 67 ] <br />异常类名: MyDb<br />异常类型: -><br />异常方法: _getFields()2016-07-22 17:22:11
异常信息: 表不存在： myfar_testaaa<br />异常文件: D:\wamp\www\myfar\Xphp\Libs\Bin\MyDb.class.php [ 67 ] <br />异常类名: MyDb<br />异常类型: -><br />异常方法: _getFields()2016-07-22 17:22:12
异常信息: 表不存在： myfar_testaaa<br />异常文件: D:\wamp\www\myfar\Xphp\Libs\Bin\MyDb.class.php [ 67 ] <br />异常类名: MyDb<br />异常类型: -><br />异常方法: _getFields()2016-07-22 17:22:12
异常信息: 表不存在： myfar_testaaa<br />异常文件: D:\wamp\www\myfar\Xphp\Libs\Bin\MyDb.class.php [ 67 ] <br />异常类名: MyDb<br />异常类型: -><br />异常方法: _getFields()2016-07-22 17:22:12
异常信息: 表不存在： myfar_testaaa<br />异常文件: D:\wamp\www\myfar\Xphp\Libs\Bin\MyDb.class.php [ 67 ] <br />异常类名: MyDb<br />异常类型: -><br />异常方法: _getFields()2016-07-22 17:22:12
异常信息: 表不存在： myfar_testaaa<br />异常文件: D:\wamp\www\myfar\Xphp\Libs\Bin\MyDb.class.php [ 67 ] <br />异常类名: MyDb<br />异常类型: -><br />异常方法: _getFields()2016-07-22 17:22:12
异常信息: 表不存在： myfar_testa<br />异常文件: D:\wamp\www\myfar\Xphp\Libs\Bin\MyDb.class.php [ 67 ] <br />异常类名: MyDb<br />异常类型: -><br />异常方法: _getFields()2016-07-22 17:24:06
异常信息: 表不存在： test<br />异常文件: D:\wamp\www\myfar\Xphp\Libs\Bin\Model.class.php [ 67 ] <br />异常类名: Model<br />异常类型: -><br />异常方法: _getFields()2016-07-22 17:32:30
